11:58:05 PM: DEBUG [Logger_base.py]: 17 Mensaje a nivel DEBUG
11:58:05 PM: INFO [Logger_base.py]: 18 Mensaje a nivel info
11:58:05 PM: ERROR [Logger_base.py]: 19 Mensaje a nivel Error
11:58:05 PM: WARNING [Logger_base.py]: 20 Mensaje a nivel warning
11:58:05 PM: CRITICAL [Logger_base.py]: 21 Mensaje a nivel critical
11:58:12 PM: DEBUG [Person.py]: 40 The ID [3], is Juan Perez, email: jperez@gmail.com
11:58:37 PM: DEBUG [Person.py]: 40 The ID [3], is Juan Perez, email: jperez@gmail.com
11:59:21 PM: DEBUG [Logger_base.py: 17] Mensaje a nivel DEBUG
11:59:21 PM: INFO [Logger_base.py: 18] Mensaje a nivel info
11:59:21 PM: ERROR [Logger_base.py: 19] Mensaje a nivel Error
11:59:21 PM: WARNING [Logger_base.py: 20] Mensaje a nivel warning
11:59:21 PM: CRITICAL [Logger_base.py: 21] Mensaje a nivel critical
11:59:47 PM: DEBUG [Person.py: 40] The ID [3], is Juan Perez, email: jperez@gmail.com
12:01:33 AM: DEBUG [Person.py: 40] 
The ID [3], is Juan Perez, email: jperez@gmail.com
12:04:50 AM: DEBUG [Person.py: 40] 
The ID [3], is Juan Perez, email: jperez@gmail.com
12:06:29 AM: DEBUG [Person.py: 40] 
The ID [3], is Juan Perez, email: jperez@gmail.com
12:07:46 AM: DEBUG [Person.py: 40] 
The ID [3], is Juan Perez, email: jperez@gmail.com
12:08:02 AM: DEBUG [Person.py: 40] 
The ID [3], is Juan Perez, email: jperez@gmail.com
12:08:02 AM: DEBUG [Person.py: 44] 
The ID [None], is Leandro francis, email: franleao@gmail.com
12:09:52 AM: DEBUG [Person.py: 40] 
The ID [3], is Juan Perez, email: jperez@gmail.com
12:09:52 AM: DEBUG [Person.py: 44] 
The ID [None], is Leandro francis, email: franleao@gmail.com
12:09:52 AM: DEBUG [Person.py: 47] 
The ID [4], is None None, email: None
08:51:31 PM: ERROR [Conexion.py: 27] Ocurrio una excepcion: [invalid dsn: invalid connection option "passwd"
]
08:52:12 PM: ERROR [Conexion.py: 27] Ocurrio una excepcion: [invalid dsn: invalid connection option "passwprd"
]
08:52:22 PM: DEBUG [Conexion.py: 24] conexion exitosa: <connection object at 0x0000022987771580; dsn: 'user=postgres password=xxx dbname=test_db host=127.0.0.1 port=5432', closed: 0>
08:53:13 PM: DEBUG [Conexion.py: 24] conexion exitosa: <connection object at 0x0000025D70C81580; dsn: 'user=postgres password=xxx dbname=test_db host=127.0.0.1 port=5432', closed: 0>
08:53:13 PM: DEBUG [Conexion.py: 36] Cursor Succesfully initialized <cursor object at 0x0000025D72EFD9A0; closed: 0>
06:49:05 PM: DEBUG [Conexion.py: 24] conexion exitosa: <connection object at 0x00000247B7D01580; dsn: 'user=postgres password=xxx dbname=test_db host=127.0.0.1 port=5432', closed: 0>
06:49:05 PM: DEBUG [Conexion.py: 36] Cursor Succesfully initialized <cursor object at 0x00000247B9EF18C0; closed: 0>
06:50:11 PM: DEBUG [Conexion.py: 24] conexion exitosa: <connection object at 0x000001E8487A1580; dsn: 'user=postgres password=xxx dbname=test_db host=127.0.0.1 port=5432', closed: 0>
06:50:11 PM: DEBUG [Conexion.py: 36] Cursor Succesfully initialized <cursor object at 0x000001E84A5E99A0; closed: 0>
06:52:01 PM: DEBUG [Conexion.py: 24] conexion exitosa: <connection object at 0x000001B1A6C91580; dsn: 'user=postgres password=xxx dbname=test_db host=127.0.0.1 port=5432', closed: 0>
06:52:01 PM: DEBUG [Conexion.py: 36] Cursor Succesfully initialized <cursor object at 0x000001B1A8AD99A0; closed: 0>
06:53:50 PM: DEBUG [Conexion.py: 24] conexion exitosa: <connection object at 0x0000020177C41580; dsn: 'user=postgres password=xxx dbname=test_db host=127.0.0.1 port=5432', closed: 0>
06:53:50 PM: DEBUG [Conexion.py: 36] Cursor Succesfully initialized <cursor object at 0x0000020179AD99A0; closed: 0>
06:53:50 PM: DEBUG [person_dao.py: 33] 
The ID [1], is paola gejejxd, email: ifjain@email.com

07:23:17 PM: DEBUG [Conexion.py: 24] conexion exitosa: <connection object at 0x000001961FDB1580; dsn: 'user=postgres password=xxx dbname=test_db host=127.0.0.1 port=5432', closed: 0>
07:23:17 PM: DEBUG [Conexion.py: 36] Cursor Succesfully initialized <cursor object at 0x00000196220199A0; closed: 0>
07:32:15 PM: DEBUG [Conexion.py: 24] conexion exitosa: <connection object at 0x00000159CD891580; dsn: 'user=postgres password=xxx dbname=test_db host=127.0.0.1 port=5432', closed: 0>
07:32:15 PM: DEBUG [Conexion.py: 36] Cursor Succesfully initialized <cursor object at 0x00000159CFAB99A0; closed: 0>
07:32:15 PM: DEBUG [person_dao.py: 27] Insert Person: 
The ID [None], is lean beni, email: svea9@gamil,com
07:32:15 PM: DEBUG [person_dao.py: 39] Persons inserted successfully: {personas_insertadas}  
07:32:31 PM: DEBUG [Conexion.py: 24] conexion exitosa: <connection object at 0x0000014BD3201580; dsn: 'user=postgres password=xxx dbname=test_db host=127.0.0.1 port=5432', closed: 0>
07:32:31 PM: DEBUG [Conexion.py: 36] Cursor Succesfully initialized <cursor object at 0x0000014BD54799A0; closed: 0>
07:32:31 PM: DEBUG [person_dao.py: 27] Insert Person: 
The ID [None], is lean beni, email: svea9@gamil,com
07:32:31 PM: DEBUG [person_dao.py: 39] Persons inserted successfully: 1  
08:25:44 PM: DEBUG [Conexion.py: 24] conexion exitosa: <connection object at 0x0000026AA2931580; dsn: 'user=postgres password=xxx dbname=test_db host=127.0.0.1 port=5432', closed: 0>
08:25:44 PM: DEBUG [Conexion.py: 36] Cursor Succesfully initialized <cursor object at 0x0000026AA47799A0; closed: 0>
08:25:44 PM: DEBUG [person_dao.py: 27] Insert Person: 
The ID [None], is juana benitez, email: juanabb@live.com
08:25:44 PM: DEBUG [person_dao.py: 41] Persons inserted successfully: 1  
08:52:53 PM: DEBUG [Conexion.py: 24] conexion exitosa: <connection object at 0x0000021D0B031580; dsn: 'user=postgres password=xxx dbname=test_db host=127.0.0.1 port=5432', closed: 0>
08:52:53 PM: DEBUG [Conexion.py: 36] Cursor Succesfully initialized <cursor object at 0x0000021D0CE8D9A0; closed: 0>
08:53:11 PM: DEBUG [Conexion.py: 24] conexion exitosa: <connection object at 0x0000023704961580; dsn: 'user=postgres password=xxx dbname=test_db host=127.0.0.1 port=5432', closed: 0>
08:53:11 PM: DEBUG [Conexion.py: 36] Cursor Succesfully initialized <cursor object at 0x0000023706B9D9A0; closed: 0>
08:53:44 PM: DEBUG [Conexion.py: 24] conexion exitosa: <connection object at 0x000001BDD58C1580; dsn: 'user=postgres password=xxx dbname=test_db host=127.0.0.1 port=5432', closed: 0>
08:53:44 PM: DEBUG [Conexion.py: 36] Cursor Succesfully initialized <cursor object at 0x000001BDD7B3D9A0; closed: 0>
08:53:44 PM: DEBUG [person_dao.py: 36] persons actualizada: 
The ID [3], is Mosca None, email: Moscarodrige@live.ar
08:53:44 PM: DEBUG [person_dao.py: 45] the person actulized :  1
08:54:56 PM: DEBUG [Conexion.py: 24] conexion exitosa: <connection object at 0x0000025DF0171580; dsn: 'user=postgres password=xxx dbname=test_db host=127.0.0.1 port=5432', closed: 0>
08:54:56 PM: DEBUG [Conexion.py: 36] Cursor Succesfully initialized <cursor object at 0x0000025DF236D9A0; closed: 0>
08:54:56 PM: DEBUG [person_dao.py: 36] persons actualizada: 
The ID [3], is None BAsi, email: None
08:54:56 PM: DEBUG [person_dao.py: 45] the person actulized :  1
09:05:03 PM: DEBUG [Conexion.py: 24] conexion exitosa: <connection object at 0x0000025F5AED1580; dsn: 'user=postgres password=xxx dbname=test_db host=127.0.0.1 port=5432', closed: 0>
09:06:20 PM: DEBUG [Conexion.py: 24] conexion exitosa: <connection object at 0x00000222809B1580; dsn: 'user=postgres password=xxx dbname=test_db host=127.0.0.1 port=5432', closed: 0>
09:06:20 PM: DEBUG [Conexion.py: 36] Cursor Succesfully initialized <cursor object at 0x0000022282BAD9A0; closed: 0>
09:07:01 PM: DEBUG [Conexion.py: 24] conexion exitosa: <connection object at 0x000001D9DEEF1580; dsn: 'user=postgres password=xxx dbname=test_db host=127.0.0.1 port=5432', closed: 0>
09:07:01 PM: DEBUG [Conexion.py: 36] Cursor Succesfully initialized <cursor object at 0x000001D9E10FD9A0; closed: 0>
09:07:01 PM: DEBUG [person_dao.py: 45] person eliminated:  
The ID [2], is None None, email: None
09:07:01 PM: DEBUG [person_dao.py: 54] las personas eliminadas son:    1
